<?xml version="1.0" encoding="UTF-8"?>
<testsuite xmlns:xsi="http://www.w3.org/2001/XMLSchema-instance" xsi:noNamespaceSchemaLocation="https://maven.apache.org/surefire/maven-surefire-plugin/xsd/surefire-test-report.xsd" version="3.0.2" name="com.cs6650.helloservice.HelloServiceApplicationTests" time="6.781" tests="1" errors="0" skipped="0" failures="0">
  <properties>
[...]
</properties>
  <testcase name="contextLoads" classname="com.cs6650.helloservice.HelloServiceApplicationTests" time="0.834">
    <system-out><![CDATA[13:59:09.802 [main] INFO org.springframework.test.context.support.AnnotationConfigContextLoaderUtils -- Could not detect default configuration classes for test class [com.cs6650.helloservice.HelloServiceApplicationTests]: HelloServiceApplicationTests does not declare any static, non-private, non-final, nested classes annotated with @Configuration.
13:59:09.968 [main] INFO org.springframework.boot.test.context.SpringBootTestContextBootstrapper -- Found @SpringBootConfiguration com.cs6650.helloservice.HelloServiceApplication for test class com.cs6650.helloservice.HelloServiceApplicationTests

  .   ____          _            __ _ _
 /\\ / ___'_ __ _ _(_)_ __  __ _ \ \ \ \
( ( )\___ | '_ | '_| | '_ \/ _` | \ \ \ \
 \\/  ___)| |_)| | | | | || (_| |  ) ) ) )
  '  |____| .__|_| |_|_| |_\__, | / / / /
 =========|_|==============|___/=/_/_/_/

 :: Spring Boot ::               (v3.5.10)

13:59:10.688 [main] INFO  c.c.h.HelloServiceApplicationTests - Starting HelloServiceApplicationTests using Java 25.0.1 with PID 21496 (started by USER in C:\Users\USER\Downloads\hello-service\hello-service)
13:59:10.691 [main] DEBUG c.c.h.HelloServiceApplicationTests - Running with Spring Boot v3.5.10, Spring v6.2.15
13:59:10.693 [main] INFO  c.c.h.HelloServiceApplicationTests - No active profile set, falling back to 1 default profile: "default"
13:59:15.416 [main] INFO  c.c.h.HelloServiceApplicationTests - Started HelloServiceApplicationTests in 5.228 seconds (process running for 6.625)
]]></system-out>
    <system-err><![CDATA[Mockito is currently self-attaching to enable the inline-mock-maker. This will no longer work in future releases of the JDK. Please add Mockito as an agent to your build as described in Mockito's documentation: https://javadoc.io/doc/org.mockito/mockito-core/latest/org.mockito/org/mockito/Mockito.html#0.3
WARNING: A Java agent has been loaded dynamically (C:\Users\USER\.m2\repository\net\bytebuddy\byte-buddy-agent\1.17.8\byte-buddy-agent-1.17.8.jar)
WARNING: If a serviceability tool is in use, please run with -XX:+EnableDynamicAgentLoading to hide this warning
WARNING: If a serviceability tool is not in use, please run with -Djdk.instrument.traceUsage for more information
WARNING: Dynamic loading of agents will be disallowed by default in a future release
]]></system-err>
  </testcase>
</testsuite>